2023/06/16 02:48:58.115072 unsupported media type, type must be 'jpg' or 'jpeg'
2023/06/16 02:52:03.396407 Error occured while running http server. Error is: http: Server closed
2023/06/16 02:58:10.436490 Error occured while running http server. Error is: http: Server closed
2023/06/16 03:00:27.158448 Error occured while running http server. Error is: http: Server closed
2023/06/16 03:02:48.144432 token has invalid claims: token is expired
2023/06/16 03:07:30.316515 Error occured while running http server. Error is: http: Server closed
2023/06/16 03:09:04.631393 Error occured while running http server. Error is: http: Server closed
2023/06/16 16:07:35.778160 read tcp 192.168.57.16:51791->35.78.82.14:5432: wsarecv: A connection attempt failed because the connected party did not properly respond after a period of time, or established connection failed because connected host has failed to respond.
2023/06/16 16:08:05.811809 failed to connect to `host=arjuna.db.elephantsql.com user=obnyzcjf database=obnyzcjf`: dial error (dial tcp 35.78.82.14:5432: connectex: A connection attempt failed because the connected party did not properly respond after a period of time, or established connection failed because connected host has failed to respond.)
2023/06/16 16:08:54.912341 read tcp 192.168.57.16:51856->35.78.82.14:5432: wsarecv: An existing connection was forcibly closed by the remote host.; conn closed
2023/06/16 17:49:16.835807 Error occured while running http server. Error is: http: Server closed
2023/06/17 19:50:10.624708 empty auth header
2023/06/17 19:50:18.100618 invalid character '-' in numeric literal
2023/06/17 19:52:31.634738 Error occured while running http server. Error is: http: Server closed
2023/06/17 19:53:21.501501 JSON: invalid character '-' in numeric literal
2023/06/17 19:53:37.716377 request Content-Type isn't multipart/form-data
2023/06/17 19:54:14.266244 JSON: invalid character '-' in numeric literal
2023/06/17 19:54:24.835945 JSON: invalid character '/' looking for beginning of object key string
2023/06/17 19:54:33.197488 JSON: EOF
2023/06/17 19:54:40.938061 request Content-Type isn't multipart/form-data
2023/06/17 19:54:55.504553 JSON: invalid character '-' in numeric literal
2023/06/17 19:55:03.834115 request Content-Type isn't multipart/form-data
2023/06/17 19:55:56.002693 Error occured while running http server. Error is: http: Server closed
2023/06/17 20:45:57.481517 request Content-Type isn't multipart/form-data
2023/06/17 20:46:18.609468 invalid character '-' in numeric literal
2023/06/17 20:46:24.863722 request Content-Type isn't multipart/form-data
2023/06/17 20:47:05.963466 request Content-Type isn't multipart/form-data
2023/06/17 20:47:06.033488 request Content-Type isn't multipart/form-data
2023/06/17 20:47:21.245912 request Content-Type isn't multipart/form-data
2023/06/17 20:47:22.364917 request Content-Type isn't multipart/form-data
2023/06/17 20:50:00.701482 Error occured while running http server. Error is: http: Server closed
2023/06/17 20:54:47.581717 invalid character '-' in numeric literal
2023/06/17 20:54:58.880365 request Content-Type isn't multipart/form-data
2023/06/17 20:55:04.555220 Error occured while running http server. Error is: http: Server closed
2023/06/17 20:56:05.476728 request Content-Type isn't multipart/form-data
2023/06/17 20:56:08.318817 request Content-Type isn't multipart/form-data
2023/06/17 20:56:48.253151 invalid character '-' in numeric literal
2023/06/17 20:56:50.008180 invalid character '-' in numeric literal
2023/06/17 20:56:54.532149 request Content-Type isn't multipart/form-data
2023/06/17 20:59:25.525751 request Content-Type isn't multipart/form-data
2023/06/17 20:59:44.529467 request Content-Type isn't multipart/form-data
2023/06/17 20:59:47.274626 invalid character '-' in numeric literal
2023/06/17 21:03:01.346724 request Content-Type isn't multipart/form-data
2023/06/17 21:12:14.667358 token has invalid claims: token is expired
2023/06/17 22:00:12.387303 Error occured while running http server. Error is: http: Server closed
2023/06/17 22:04:55.814741 request Content-Type isn't multipart/form-data
2023/06/17 22:05:20.859017 request Content-Type isn't multipart/form-data
2023/06/17 22:06:40.741977 Error occured while running http server. Error is: http: Server closed
2023/06/17 22:07:06.775261 request Content-Type isn't multipart/form-data
2023/06/17 22:07:08.193721 request Content-Type isn't multipart/form-data
2023/06/17 22:07:17.212377 json: cannot unmarshal string into Go struct field accountData.file of type multipart.FileHeader
2023/06/17 22:07:25.519093 invalid character '}' looking for beginning of object key string
2023/06/17 22:07:27.829740 request Content-Type isn't multipart/form-data
2023/06/17 22:45:52.933752 Error occured while running http server. Error is: http: Server closed
2023/06/17 22:48:49.653335 Error occured while running http server. Error is: http: Server closed
2023/06/17 23:29:13.633646 Error occured while running http server. Error is: http: Server closed
2023/06/18 00:56:51.725760 record not found
2023/06/18 00:57:17.607656 token has invalid claims: token is expired
2023/06/18 00:57:36.705944 ERROR: column "updated_at" of relation "accounts" does not exist (SQLSTATE 42703)
2023/06/18 00:58:43.883533 ERROR: cached plan must not change result type (SQLSTATE 0A000)
2023/06/18 00:59:46.788793 Error occured while running http server. Error is: http: Server closed
2023/06/20 20:02:13.457473 record not found
2023/06/20 20:07:18.040602 Error occured while running http server. Error is: http: Server closed
2023/06/20 23:46:40.406955 record not found
2023/06/21 00:07:25.195381 invalid description
2023/06/21 00:07:57.850827 Error occured while running http server. Error is: http: Server closed
2023/06/21 00:09:29.767169 invalid description
2023/06/21 00:10:25.124593 Error occured while running http server. Error is: http: Server closed
2023/06/21 00:21:11.391492 WHERE conditions required
2023/06/21 00:23:33.268454 Error occured while running http server. Error is: http: Server closed
2023/06/21 00:24:06.709793 ERROR: column "is_active = ?" of relation "categories" does not exist (SQLSTATE 42703)
2023/06/21 00:25:08.521102 ERROR: column "is_active = ?" of relation "categories" does not exist (SQLSTATE 42703)
2023/06/21 00:26:49.842016 Error occured while running http server. Error is: http: Server closed
2023/06/21 00:57:44.465360 empty auth header
2023/06/21 00:58:06.484334 empty auth header
2023/06/21 01:02:47.308803 token has invalid claims: token is expired
2023/06/21 01:04:09.528473 remove ./files/layouts/: The directory is not empty.
2023/06/21 01:07:00.087519 Error occured while running http server. Error is: http: Server closed
2023/06/21 01:08:11.834584 remove ./files/layouts/: The directory is not empty.
2023/06/21 01:16:38.701067 Error occured while running http server. Error is: http: Server closed
2023/06/21 01:16:52.903567 token has invalid claims: token is expired
2023/06/21 01:18:48.971581 remove ./files/layouts/: The directory is not empty.
2023/06/21 01:22:24.098693 Error occured while running http server. Error is: http: Server closed
